Session start: 2025-11-02T11:40:11.222532
Session end: 2025-11-02T11:48:10.740252
Uptime: 02h10m
Session duration: 0:07:59.517720
Max CPU temperature: 48.7°C
Event counters:
  undervoltage_events: 0
  overvoltage_events: 0
  throttled_events: 0
  overtemp_events: 0
Warnings:
  [11:40:11] ℹ Startup[log_directory]: Log directory ready at /home/mobula/Documents/MobulaRos2/src/auv_pkg/auv_pkg/system_monitor_logs
  [11:40:11] ℹ Startup[publishers]: Publishers initialised
  [11:40:11] ℹ Startup[initialisation]: System monitor node initialising
  [11:40:11] ℹ Startup[parameters]: Startup parameters initialised
  [11:40:11] ℹ Startup[dependency:psutil]: psutil module available
  [11:40:11] ℹ Startup[dependency:vcgencmd]: vcgencmd command available
  [11:40:11] ℹ Startup[dependency:journalctl]: journalctl command available
  [11:40:11] ℹ Startup[previous_boot_analysis]: Analysing previous boot information
  [11:40:13] ⚠ System journal indicates unclean shutdown (possible power loss)
  [11:40:13] ⚠ Normal shutdown markers missing from journal
  [11:40:13] ℹ Startup[previous_boot_analysis]: Previous boot analysis complete
  [11:40:13] ℹ Startup[timers]: Fast and slow timers initialised
  [11:40:13] ℹ Startup[signal_handlers]: Signal handlers registered
  [11:40:13] ℹ Startup[startup_complete]: Startup completed successfully; system monitor operational.
